c:\users\scott\onedrive\documents\adjunct\snhu\cs-330 comp graph and viz\submissions\0-0 student help\jayson\wolfe-jayson-dec 8, 2022 927 pm\twotriangles\twotriangles\debug\vc143.pdb
c:\users\scott\onedrive\documents\adjunct\snhu\cs-330 comp graph and viz\submissions\0-0 student help\jayson\wolfe-jayson-dec 8, 2022 927 pm\twotriangles\twotriangles\debug\vc143.idb
c:\users\scott\onedrive\documents\adjunct\snhu\cs-330 comp graph and viz\submissions\0-0 student help\jayson\wolfe-jayson-dec 8, 2022 927 pm\twotriangles\twotriangles\debug\glad.obj
c:\users\scott\onedrive\documents\adjunct\snhu\cs-330 comp graph and viz\submissions\0-0 student help\jayson\wolfe-jayson-dec 8, 2022 927 pm\twotriangles\twotriangles\debug\source.obj
c:\users\scott\onedrive\documents\adjunct\snhu\cs-330 comp graph and viz\submissions\0-0 student help\jayson\wolfe-jayson-dec 8, 2022 927 pm\twotriangles\twotriangles\debug\twotriangles.ilk
c:\users\scott\onedrive\documents\adjunct\snhu\cs-330 comp graph and viz\submissions\0-0 student help\jayson\wolfe-jayson-dec 8, 2022 927 pm\twotriangles\debug\twotriangles.exe
c:\users\scott\onedrive\documents\adjunct\snhu\cs-330 comp graph and viz\submissions\0-0 student help\jayson\wolfe-jayson-dec 8, 2022 927 pm\twotriangles\debug\twotriangles.pdb
c:\users\jayson\downloads\twotriangles1_2\twotriangles\twotriangles\debug\glad.obj
c:\users\jayson\downloads\twotriangles1_2\twotriangles\twotriangles\debug\source.obj
c:\users\jayson\downloads\twotriangles1_2\twotriangles\twotriangles\debug\twotriangles.ilk
c:\users\jayson\downloads\twotriangles1_2\twotriangles\twotriangles\debug\vc143.idb
c:\users\jayson\downloads\twotriangles1_2\twotriangles\twotriangles\debug\vc143.pdb
c:\users\jayson\downloads\twotriangles1_2\twotriangles\debug\twotriangles.pdb
c:\users\jayson\downloads\twotriangles1_2\twotriangles\debug\twotriangles.exe
c:\users\jayson\downloads\twotriangles1_2\twotriangles\twotriangles\debug\twotriangles.tlog\cl.command.1.tlog
c:\users\jayson\downloads\twotriangles1_2\twotriangles\twotriangles\debug\twotriangles.tlog\cl.read.1.tlog
c:\users\jayson\downloads\twotriangles1_2\twotriangles\twotriangles\debug\twotriangles.tlog\cl.write.1.tlog
c:\users\jayson\downloads\twotriangles1_2\twotriangles\twotriangles\debug\twotriangles.tlog\link.command.1.tlog
c:\users\jayson\downloads\twotriangles1_2\twotriangles\twotriangles\debug\twotriangles.tlog\link.read.1.tlog
c:\users\jayson\downloads\twotriangles1_2\twotriangles\twotriangles\debug\twotriangles.tlog\link.write.1.tlog
